{"C:\\Users\\LeandroAlmeida\\Desktop\\OUTROS\\repos\\jest-practice\\jest-practice\\app.js": {"path":"C:\\Users\\LeandroAlmeida\\Desktop\\OUTROS\\repos\\jest-practice\\jest-practice\\app.js","all":false,"statementMap":{"0":{"start":{"line":1,"column":0},"end":{"line":1,"column":25}},"1":{"start":{"line":2,"column":0},"end":{"line":2,"column":50}},"2":{"start":{"line":3,"column":0},"end":{"line":3,"column":18}},"3":{"start":{"line":4,"column":0},"end":{"line":4,"column":1}},"4":{"start":{"line":5,"column":0},"end":{"line":5,"column":0}},"5":{"start":{"line":6,"column":0},"end":{"line":6,"column":28}},"6":{"start":{"line":7,"column":0},"end":{"line":7,"column":15}},"7":{"start":{"line":8,"column":0},"end":{"line":8,"column":39}},"8":{"start":{"line":9,"column":0},"end":{"line":9,"column":25}},"9":{"start":{"line":10,"column":0},"end":{"line":10,"column":5}},"10":{"start":{"line":11,"column":0},"end":{"line":11,"column":0}},"11":{"start":{"line":12,"column":0},"end":{"line":12,"column":24}},"12":{"start":{"line":13,"column":0},"end":{"line":13,"column":1}},"13":{"start":{"line":14,"column":0},"end":{"line":14,"column":0}},"14":{"start":{"line":15,"column":0},"end":{"line":15,"column":17}},"15":{"start":{"line":16,"column":0},"end":{"line":16,"column":21}},"16":{"start":{"line":17,"column":0},"end":{"line":17,"column":19}},"17":{"start":{"line":18,"column":0},"end":{"line":18,"column":19}},"18":{"start":{"line":19,"column":0},"end":{"line":19,"column":5}},"19":{"start":{"line":20,"column":0},"end":{"line":20,"column":25}},"20":{"start":{"line":21,"column":0},"end":{"line":21,"column":25}},"21":{"start":{"line":22,"column":0},"end":{"line":22,"column":28}},"22":{"start":{"line":23,"column":0},"end":{"line":23,"column":30}},"23":{"start":{"line":24,"column":0},"end":{"line":24,"column":1}},"24":{"start":{"line":25,"column":0},"end":{"line":25,"column":0}},"25":{"start":{"line":26,"column":0},"end":{"line":26,"column":0}},"26":{"start":{"line":27,"column":0},"end":{"line":27,"column":0}},"27":{"start":{"line":28,"column":0},"end":{"line":28,"column":30}},"28":{"start":{"line":29,"column":0},"end":{"line":29,"column":33}},"29":{"start":{"line":30,"column":0},"end":{"line":30,"column":28}},"30":{"start":{"line":31,"column":0},"end":{"line":31,"column":0}},"31":{"start":{"line":32,"column":0},"end":{"line":32,"column":0}},"32":{"start":{"line":33,"column":0},"end":{"line":33,"column":16}},"33":{"start":{"line":34,"column":0},"end":{"line":34,"column":17}},"34":{"start":{"line":35,"column":0},"end":{"line":35,"column":18}},"35":{"start":{"line":36,"column":0},"end":{"line":36,"column":13}},"36":{"start":{"line":37,"column":0},"end":{"line":37,"column":18}},"37":{"start":{"line":38,"column":0},"end":{"line":38,"column":0}},"38":{"start":{"line":39,"column":0},"end":{"line":39,"column":39}},"39":{"start":{"line":40,"column":0},"end":{"line":40,"column":42}},"40":{"start":{"line":41,"column":0},"end":{"line":41,"column":0}},"41":{"start":{"line":42,"column":0},"end":{"line":42,"column":36}},"42":{"start":{"line":43,"column":0},"end":{"line":43,"column":0}},"43":{"start":{"line":44,"column":0},"end":{"line":44,"column":26}},"44":{"start":{"line":45,"column":0},"end":{"line":45,"column":26}}},"s":{"0":0,"1":0,"2":0,"3":0,"4":1,"5":0,"6":0,"7":0,"8":0,"9":0,"10":0,"11":0,"12":0,"13":1,"14":1,"15":1,"16":3,"17":3,"18":3,"19":1,"20":1,"21":1,"22":1,"23":1,"24":1,"25":1,"26":1,"27":1,"28":1,"29":1,"30":1,"31":1,"32":1,"33":1,"34":1,"35":1,"36":1,"37":1,"38":1,"39":1,"40":1,"41":1,"42":1,"43":1,"44":1},"branchMap":{"0":{"type":"branch","line":15,"loc":{"start":{"line":15,"column":16},"end":{"line":23,"column":30}},"locations":[{"start":{"line":15,"column":16},"end":{"line":23,"column":30}}]},"1":{"type":"branch","line":16,"loc":{"start":{"line":16,"column":4},"end":{"line":19,"column":5}},"locations":[{"start":{"line":16,"column":4},"end":{"line":19,"column":5}}]},"2":{"type":"branch","line":21,"loc":{"start":{"line":21,"column":4},"end":{"line":21,"column":24}},"locations":[{"start":{"line":21,"column":4},"end":{"line":21,"column":24}}]},"3":{"type":"branch","line":23,"loc":{"start":{"line":23,"column":4},"end":{"line":23,"column":29}},"locations":[{"start":{"line":23,"column":4},"end":{"line":23,"column":29}}]}},"b":{"0":[1],"1":[3],"2":[2],"3":[1]},"fnMap":{"0":{"name":"capitalize","decl":{"start":{"line":1,"column":0},"end":{"line":4,"column":1}},"loc":{"start":{"line":1,"column":0},"end":{"line":4,"column":1}},"line":1},"1":{"name":"reverseString","decl":{"start":{"line":6,"column":0},"end":{"line":13,"column":1}},"loc":{"start":{"line":6,"column":0},"end":{"line":13,"column":1}},"line":6},"2":{"name":"calculator","decl":{"start":{"line":16,"column":4},"end":{"line":19,"column":5}},"loc":{"start":{"line":16,"column":4},"end":{"line":19,"column":5}},"line":16},"3":{"name":"add","decl":{"start":{"line":20,"column":4},"end":{"line":20,"column":24}},"loc":{"start":{"line":20,"column":4},"end":{"line":20,"column":24}},"line":20},"4":{"name":"sub","decl":{"start":{"line":21,"column":4},"end":{"line":21,"column":24}},"loc":{"start":{"line":21,"column":4},"end":{"line":21,"column":24}},"line":21},"5":{"name":"divide","decl":{"start":{"line":22,"column":4},"end":{"line":22,"column":27}},"loc":{"start":{"line":22,"column":4},"end":{"line":22,"column":27}},"line":22},"6":{"name":"multiply","decl":{"start":{"line":23,"column":4},"end":{"line":23,"column":29}},"loc":{"start":{"line":23,"column":4},"end":{"line":23,"column":29}},"line":23}},"f":{"0":0,"1":0,"2":3,"3":0,"4":2,"5":0,"6":1}}
}
