TN:
SF:app.js
FN:1,capitalize
FN:6,reverseString
FN:16,calculator
FN:20,add
FN:21,sub
FN:22,divide
FN:23,multiply
FNF:7
FNH:3
FNDA:0,capitalize
FNDA:0,reverseString
FNDA:3,calculator
FNDA:0,add
FNDA:2,sub
FNDA:0,divide
FNDA:1,multiply
DA:1,0
DA:2,0
DA:3,0
DA:4,0
DA:5,1
DA:6,0
DA:7,0
DA:8,0
DA:9,0
DA:10,0
DA:11,0
DA:12,0
DA:13,0
DA:14,1
DA:15,1
DA:16,1
DA:17,3
DA:18,3
DA:19,3
DA:20,1
DA:21,1
DA:22,1
DA:23,1
DA:24,1
DA:25,1
DA:26,1
DA:27,1
DA:28,1
DA:29,1
DA:30,1
DA:31,1
DA:32,1
DA:33,1
DA:34,1
DA:35,1
DA:36,1
DA:37,1
DA:38,1
DA:39,1
DA:40,1
DA:41,1
DA:42,1
DA:43,1
DA:44,1
DA:45,1
LF:45
LH:33
BRDA:15,0,0,1
BRDA:16,1,0,3
BRDA:21,2,0,2
BRDA:23,3,0,1
BRF:4
BRH:4
end_of_record
